GET /api/v1/users/admin 200 647 - 38.655 ms
POST /api/v1/users/register 400 276 - 22.294 ms
POST /api/v1/users/register 400 158 - 19.155 ms
POST /api/v1/users/register 201 361 - 90.067 ms
POST /api/v1/users/register 400 158 - 3.687 ms
POST /api/v1/users/login 200 1094 - 148.095 ms
GET /api/v1/users/getuser 200 684 - 4.501 ms
POST /api/v1/users/logout 200 62 - 72.548 ms
GET /api/v1/books 200 61 - 2.678 ms
GET /api/v1/books 200 61 - 1.439 ms
POST /api/v1/books 500 1671 - 1.335 ms
POST /api/v1/users/login 200 1121 - 151.090 ms
POST /api/v1/books 402 844 - 5.064 ms
GET /api/v1/books 200 61 - 1.603 ms
POST /api/v1/users/logout 200 62 - 79.504 ms
GET /api/v1/users/admin 500 1682 - 0.815 ms
GET /api/v1/users/admin 400 1663 - 2.834 ms
GET /api/v1/users/admin 400 1663 - 1.011 ms
POST /api/v1/users/login 200 1023 - 176.616 ms
POST /api/v1/users/register 201 362 - 77.281 ms
POST /api/v1/users/login 200 1030 - 141.820 ms
POST /api/v1/books 400 148 - 4.362 ms
POST /api/v1/books 201 390 - 25.042 ms
GET /api/v1/books 200 694 - 3.424 ms
GET /api/v1/books/661c2bf8bea2d67132343081 200 385 - 7.642 ms
DELETE /api/v1/books/661c2bf8bea2d67132343081 - - - - ms
POST /api/v1/librarian 402 844 - 3.092 ms
POST /api/v1/users/login 200 1057 - 163.232 ms
POST /api/v1/librarian 402 844 - 2.929 ms
POST /api/v1/librarian 201 265 - 29.337 ms
GET /api/v1/librarian 200 806 - 8.910 ms
GET /api/v1/librarian 200 487 - 22.831 ms
